<?xml version="1.0" encoding="UTF-8"?>
<testsuite name="Default test"
           tests="3"
           failures="2"
           errors="0"
           skipped="1"
           time="0.000">
  <properties />
            <testcase name="after" time="0.000" classname="catalog.Automation.tests.LoginTests">
                <failure type="java.lang.NullPointerException"
                  message="(null)"
              >
<![CDATA[java.lang.NullPointerException
  catalog.Automation.tests.LoginTests.after(LoginTests.java:37)
  sun.reflect.NativeMethodAccessorImpl.invoke0(Native Method)
  sun.reflect.NativeMethodAccessorImpl.invoke(Unknown Source)
  sun.reflect.DelegatingMethodAccessorImpl.invoke(Unknown Source)
  java.lang.reflect.Method.invoke(Unknown Source)
  org.testng.internal.MethodInvocationHelper.invokeMethod(MethodInvocationHelper.java:80)
  org.testng.internal.Invoker.invokeConfigurationMethod(Invoker.java:564)
  org.testng.internal.Invoker.invokeConfigurations(Invoker.java:213)
  org.testng.internal.Invoker.invokeMethod(Invoker.java:786)
  org.testng.internal.Invoker.invokeTestMethod(Invoker.java:901)
  org.testng.internal.Invoker.invokeTestMethods(Invoker.java:1231)
  org.testng.internal.TestMethodWorker.invokeTestMethods(TestMethodWorker.java:127)
  org.testng.internal.TestMethodWorker.run(TestMethodWorker.java:111)
  org.testng.TestRunner.privateRun(TestRunner.java:767)
  org.testng.TestRunner.run(TestRunner.java:617)
  org.testng.SuiteRunner.runTest(SuiteRunner.java:334)
  org.testng.SuiteRunner.runSequentially(SuiteRunner.java:329)
  org.testng.SuiteRunner.privateRun(SuiteRunner.java:291)
  org.testng.SuiteRunner.run(SuiteRunner.java:240)
  org.testng.SuiteRunnerWorker.runSuite(SuiteRunnerWorker.java:52)
  org.testng.SuiteRunnerWorker.run(SuiteRunnerWorker.java:86)
  org.testng.TestNG.runSuitesSequentially(TestNG.java:1198)
  org.testng.TestNG.runSuitesLocally(TestNG.java:1123)
  org.testng.TestNG.run(TestNG.java:1031)
  org.testng.remote.AbstractRemoteTestNG.run(AbstractRemoteTestNG.java:132)
  org.testng.remote.RemoteTestNG.initAndRun(RemoteTestNG.java:236)
  org.testng.remote.RemoteTestNG.main(RemoteTestNG.java:81)
]]>
      </failure>

          </testcase>
            <testcase name="setUp" time="0.000" classname="catalog.Automation.tests.LoginTests">
                <failure type="java.lang.IllegalStateException"
                  message="The driver executable does not exist: C:\Users\Neelam\Desktop\Selenium Practice\selenium\Drivers\geckodriver.exe"
              >
<![CDATA[java.lang.IllegalStateException: The driver executable does not exist: C:\Users\Neelam\Desktop\Selenium Practice\selenium\Drivers\geckodriver.exe
  com.google.common.base.Preconditions.checkState(Preconditions.java:518)
  org.openqa.selenium.remote.service.DriverService.checkExecutable(DriverService.java:123)
  org.openqa.selenium.remote.service.DriverService.findExecutable(DriverService.java:118)
  org.openqa.selenium.firefox.GeckoDriverService.access$100(GeckoDriverService.java:38)
  org.openqa.selenium.firefox.GeckoDriverService$Builder.findDefaultExecutable(GeckoDriverService.java:112)
  org.openqa.selenium.remote.service.DriverService$Builder.build(DriverService.java:302)
  org.openqa.selenium.firefox.FirefoxDriver.createCommandExecutor(FirefoxDriver.java:312)
  org.openqa.selenium.firefox.FirefoxDriver.<init>(FirefoxDriver.java:272)
  org.openqa.selenium.firefox.FirefoxDriver.<init>(FirefoxDriver.java:267)
  org.openqa.selenium.firefox.FirefoxDriver.<init>(FirefoxDriver.java:263)
  org.openqa.selenium.firefox.FirefoxDriver.<init>(FirefoxDriver.java:122)
  catalog.Automation.common.CommonMethods.openBrowser(CommonMethods.java:62)
  catalog.Automation.tests.LoginTests.setUp(LoginTests.java:28)
  sun.reflect.NativeMethodAccessorImpl.invoke0(Native Method)
  sun.reflect.NativeMethodAccessorImpl.invoke(Unknown Source)
  sun.reflect.DelegatingMethodAccessorImpl.invoke(Unknown Source)
  java.lang.reflect.Method.invoke(Unknown Source)
  org.testng.internal.MethodInvocationHelper.invokeMethod(MethodInvocationHelper.java:80)
  org.testng.internal.Invoker.invokeConfigurationMethod(Invoker.java:564)
  org.testng.internal.Invoker.invokeConfigurations(Invoker.java:213)
  org.testng.internal.Invoker.invokeMethod(Invoker.java:653)
  org.testng.internal.Invoker.invokeTestMethod(Invoker.java:901)
  org.testng.internal.Invoker.invokeTestMethods(Invoker.java:1231)
  org.testng.internal.TestMethodWorker.invokeTestMethods(TestMethodWorker.java:127)
  org.testng.internal.TestMethodWorker.run(TestMethodWorker.java:111)
  org.testng.TestRunner.privateRun(TestRunner.java:767)
  org.testng.TestRunner.run(TestRunner.java:617)
  org.testng.SuiteRunner.runTest(SuiteRunner.java:334)
  org.testng.SuiteRunner.runSequentially(SuiteRunner.java:329)
  org.testng.SuiteRunner.privateRun(SuiteRunner.java:291)
  org.testng.SuiteRunner.run(SuiteRunner.java:240)
  org.testng.SuiteRunnerWorker.runSuite(SuiteRunnerWorker.java:52)
  org.testng.SuiteRunnerWorker.run(SuiteRunnerWorker.java:86)
  org.testng.TestNG.runSuitesSequentially(TestNG.java:1198)
  org.testng.TestNG.runSuitesLocally(TestNG.java:1123)
  org.testng.TestNG.run(TestNG.java:1031)
  org.testng.remote.AbstractRemoteTestNG.run(AbstractRemoteTestNG.java:132)
  org.testng.remote.RemoteTestNG.initAndRun(RemoteTestNG.java:236)
  org.testng.remote.RemoteTestNG.main(RemoteTestNG.java:81)
]]>
      </failure>

          </testcase>
  
            <testcase name="testLogin01" time="0.0" classname="catalog.Automation.tests.LoginTests">
          <skipped />
    </testcase>
  
  
</testsuite>
